2021-04-27 18:14:31,794 [Worker-4: Loading available Gradle versions] INFO  o.e.b.c.i.u.g.PublishedGradleVersions - Gradle version information cache is out-of-date. Trying to update.
2021-04-29 12:57:49,175 [Worker-0: Loading available Gradle versions] INFO  o.e.b.c.i.u.g.PublishedGradleVersions - Gradle version information cache is out-of-date. Trying to update.
2021-04-29 16:35:47,602 [Start Help Server] INFO  org.eclipse.jetty.util.log - Logging initialized @13180264ms to org.eclipse.jetty.util.log.Slf4jLog
2021-04-29 16:35:47,938 [Start Help Server] INFO  org.eclipse.jetty.server.Server - jetty-9.4.29.v20200521; built: 2020-05-27T11:26:53.365Z; git: 77c232aed8a45c818fd27232278d9f95a021095e; jvm 1.8.0_281-b09
2021-04-29 16:35:47,978 [Start Help Server] INFO  org.eclipse.jetty.server.session - DefaultSessionIdManager workerName=node0
2021-04-29 16:35:47,978 [Start Help Server] INFO  org.eclipse.jetty.server.session - No SessionScavenger set, using defaults
2021-04-29 16:35:47,981 [Start Help Server] INFO  org.eclipse.jetty.server.session - node0 Scavenging every 660000ms
2021-04-29 16:35:48,050 [Start Help Server] INFO  o.e.j.server.handler.ContextHandler - Started o.e.j.s.ServletContextHandler@47266061{/help,null,AVAILABLE}
2021-04-29 16:35:48,087 [Start Help Server] INFO  o.e.jetty.server.AbstractConnector - Started ServerConnector@7033bf3{HTTP/1.1, (http/1.1)}{127.0.0.1:49700}
2021-04-29 16:35:48,087 [Start Help Server] INFO  org.eclipse.jetty.server.Server - Started @13180751ms
2021-04-29 16:35:48,087 [Start Help Server] INFO  org.eclipse.jetty.server.session - node0 Scavenging every 660000ms
2021-04-29 17:53:42,977 [Stop Help Server] INFO  o.e.jetty.server.AbstractConnector - Stopped ServerConnector@7033bf3{HTTP/1.1, (http/1.1)}{127.0.0.1:0}
2021-04-29 17:53:42,978 [Stop Help Server] INFO  org.eclipse.jetty.server.session - node0 Stopped scavenging
2021-04-29 17:53:43,127 [Stop Help Server] INFO  o.e.j.server.handler.ContextHandler - Stopped o.e.j.s.ServletContextHandler@47266061{/help,null,UNAVAILABLE}
2021-04-30 17:22:51,792 [Worker-1: Loading available Gradle versions] INFO  o.e.b.c.i.u.g.PublishedGradleVersions - Gradle version information cache is up-to-date. Trying to read.
2021-05-03 11:28:16,233 [Worker-5: Loading available Gradle versions] INFO  o.e.b.c.i.u.g.PublishedGradleVersions - Gradle version information cache is up-to-date. Trying to read.
2021-05-04 12:20:55,643 [Worker-3: Loading available Gradle versions] INFO  o.e.b.c.i.u.g.PublishedGradleVersions - Gradle version information cache is out-of-date. Trying to update.
2021-05-05 12:34:15,635 [Worker-3: Loading available Gradle versions] INFO  o.e.b.c.i.u.g.PublishedGradleVersions - Gradle version information cache is out-of-date. Trying to update.
2021-05-05 12:43:58,208 [Worker-2: Loading available Gradle versions] INFO  o.e.b.c.i.u.g.PublishedGradleVersions - Gradle version information cache is up-to-date. Trying to read.
2021-05-05 12:51:34,071 [Worker-5: Loading available Gradle versions] INFO  o.e.b.c.i.u.g.PublishedGradleVersions - Gradle version information cache is up-to-date. Trying to read.
2021-05-05 12:55:53,750 [Start Help Server] INFO  org.eclipse.jetty.util.log - Logging initialized @291490ms to org.eclipse.jetty.util.log.Slf4jLog
2021-05-05 12:55:54,033 [Start Help Server] INFO  org.eclipse.jetty.server.Server - jetty-9.4.29.v20200521; built: 2020-05-27T11:26:53.365Z; git: 77c232aed8a45c818fd27232278d9f95a021095e; jvm 1.8.0_281-b09
2021-05-05 12:55:54,069 [Start Help Server] INFO  org.eclipse.jetty.server.session - DefaultSessionIdManager workerName=node0
2021-05-05 12:55:54,069 [Start Help Server] INFO  org.eclipse.jetty.server.session - No SessionScavenger set, using defaults
2021-05-05 12:55:54,071 [Start Help Server] INFO  org.eclipse.jetty.server.session - node0 Scavenging every 660000ms
2021-05-05 12:55:54,126 [Start Help Server] INFO  o.e.j.server.handler.ContextHandler - Started o.e.j.s.ServletContextHandler@49298068{/help,null,AVAILABLE}
2021-05-05 12:55:54,158 [Start Help Server] INFO  o.e.jetty.server.AbstractConnector - Started ServerConnector@7b9809cc{HTTP/1.1, (http/1.1)}{127.0.0.1:49681}
2021-05-05 12:55:54,158 [Start Help Server] INFO  org.eclipse.jetty.server.Server - Started @291899ms
2021-05-05 12:55:54,159 [Start Help Server] INFO  org.eclipse.jetty.server.session - node0 Scavenging every 726000ms
2021-05-05 15:03:26,591 [Stop Help Server] INFO  o.e.jetty.server.AbstractConnector - Stopped ServerConnector@7b9809cc{HTTP/1.1, (http/1.1)}{127.0.0.1:0}
2021-05-05 15:03:26,594 [Stop Help Server] INFO  org.eclipse.jetty.server.session - node0 Stopped scavenging
2021-05-05 15:03:26,624 [Stop Help Server] INFO  o.e.j.server.handler.ContextHandler - Stopped o.e.j.s.ServletContextHandler@49298068{/help,null,UNAVAILABLE}
2021-05-05 16:55:45,297 [Worker-4: Loading available Gradle versions] INFO  o.e.b.c.i.u.g.PublishedGradleVersions - Gradle version information cache is up-to-date. Trying to read.
2021-05-06 16:29:27,274 [Worker-4: Loading available Gradle versions] INFO  o.e.b.c.i.u.g.PublishedGradleVersions - Gradle version information cache is up-to-date. Trying to read.
2021-05-06 17:09:27,832 [Worker-2: Loading available Gradle versions] INFO  o.e.b.c.i.u.g.PublishedGradleVersions - Gradle version information cache is up-to-date. Trying to read.
2021-05-06 17:14:34,457 [Worker-6: Loading available Gradle versions] INFO  o.e.b.c.i.u.g.PublishedGradleVersions - Gradle version information cache is up-to-date. Trying to read.
